[INFO] Scanning for projects...
[INFO] 
[INFO] -------------------------< com.example:games >--------------------------
[INFO] Building games 0.0.1-SNAPSHOT
[INFO]   from pom.xml
[INFO] --------------------------------[ jar ]---------------------------------
[INFO] 
[INFO] >>> spring-boot:3.5.7:run (default-cli) > test-compile @ games >>>
[INFO] 
[INFO] --- resources:3.3.1:resources (default-resources) @ games ---
[INFO] Copying 1 resource from src/main/resources to target/classes
[INFO] Copying 1 resource from src/main/resources to target/classes
[INFO] 
[INFO] --- compiler:3.14.1:compile (default-compile) @ games ---
[INFO] Nothing to compile - all classes are up to date.
[INFO] 
[INFO] --- resources:3.3.1:testResources (default-testResources) @ games ---
[INFO] skip non existing resourceDirectory /Users/chethanarowell/Downloads/Mini-Games/backend/games/src/test/resources
[INFO] 
[INFO] --- compiler:3.14.1:testCompile (default-testCompile) @ games ---
[INFO] Nothing to compile - all classes are up to date.
[INFO] 
[INFO] <<< spring-boot:3.5.7:run (default-cli) < test-compile @ games <<<
[INFO] 
[INFO] 
[INFO] --- spring-boot:3.5.7:run (default-cli) @ games ---
[INFO] Attaching agents: []

  .   ____          _            __ _ _
 /\\ / ___'_ __ _ _(_)_ __  __ _ \ \ \ \
( ( )\___ | '_ | '_| | '_ \/ _` | \ \ \ \
 \\/  ___)| |_)| | | | | || (_| |  ) ) ) )
  '  |____| .__|_| |_|_| |_\__, | / / / /
 =========|_|==============|___/=/_/_/_/

 :: Spring Boot ::                (v3.5.7)

2025-12-09T21:21:51.882+05:30  INFO 89375 --- [games] [           main] com.example.games.GamesApplication       : Starting GamesApplication using Java 21.0.1 with PID 89375 (/Users/chethanarowell/Downloads/Mini-Games/backend/games/target/classes started by chethanarowell in /Users/chethanarowell/Downloads/Mini-Games/backend/games)
2025-12-09T21:21:51.885+05:30  INFO 89375 --- [games] [           main] com.example.games.GamesApplication       : No active profile set, falling back to 1 default profile: "default"
2025-12-09T21:21:52.494+05:30  INFO 89375 --- [games] [           main] .s.d.r.c.RepositoryConfigurationDelegate : Bootstrapping Spring Data JPA repositories in DEFAULT mode.
2025-12-09T21:21:52.538+05:30  INFO 89375 --- [games] [           main] .s.d.r.c.RepositoryConfigurationDelegate : Finished Spring Data repository scanning in 39 ms. Found 1 JPA repository interface.
2025-12-09T21:21:53.120+05:30  INFO 89375 --- [games] [           main] o.s.b.w.embedded.tomcat.TomcatWebServer  : Tomcat initialized with port 8080 (http)
2025-12-09T21:21:53.133+05:30  INFO 89375 --- [games] [           main] o.apache.catalina.core.StandardService   : Starting service [Tomcat]
2025-12-09T21:21:53.134+05:30  INFO 89375 --- [games] [           main] o.apache.catalina.core.StandardEngine    : Starting Servlet engine: [Apache Tomcat/10.1.48]
2025-12-09T21:21:53.180+05:30  INFO 89375 --- [games] [           main] o.a.c.c.C.[Tomcat].[localhost].[/]       : Initializing Spring embedded WebApplicationContext
2025-12-09T21:21:53.182+05:30  INFO 89375 --- [games] [           main] w.s.c.ServletWebServerApplicationContext : Root WebApplicationContext: initialization completed in 1259 ms
2025-12-09T21:21:53.265+05:30  INFO 89375 --- [games] [           main] com.zaxxer.hikari.HikariDataSource       : HikariPool-1 - Starting...
2025-12-09T21:21:53.418+05:30  INFO 89375 --- [games] [           main] com.zaxxer.hikari.pool.HikariPool        : HikariPool-1 - Added connection com.mysql.cj.jdbc.ConnectionImpl@5792c08c
2025-12-09T21:21:53.419+05:30  INFO 89375 --- [games] [           main] com.zaxxer.hikari.HikariDataSource       : HikariPool-1 - Start completed.
2025-12-09T21:21:53.482+05:30  INFO 89375 --- [games] [           main] o.hibernate.jpa.internal.util.LogHelper  : HHH000204: Processing PersistenceUnitInfo [name: default]
2025-12-09T21:21:53.512+05:30  INFO 89375 --- [games] [           main] org.hibernate.Version                    : HHH000412: Hibernate ORM core version 6.6.33.Final
2025-12-09T21:21:53.542+05:30  INFO 89375 --- [games] [           main] o.h.c.internal.RegionFactoryInitiator    : HHH000026: Second-level cache disabled
2025-12-09T21:21:53.849+05:30  INFO 89375 --- [games] [           main] o.s.o.j.p.SpringPersistenceUnitInfo      : No LoadTimeWeaver setup: ignoring JPA class transformer
2025-12-09T21:21:53.924+05:30  WARN 89375 --- [games] [           main] org.hibernate.dialect.Dialect            : HHH000511: The 5.5.5 version for [org.hibernate.dialect.MySQLDialect] is no longer supported, hence certain features may not work properly. The minimum supported version is 8.0.0. Check the community dialects project for available legacy versions.
2025-12-09T21:21:53.928+05:30  WARN 89375 --- [games] [           main] org.hibernate.orm.deprecation            : HHH90000025: MySQLDialect does not need to be specified explicitly using 'hibernate.dialect' (remove the property setting and it will be selected by default)
2025-12-09T21:21:53.937+05:30  INFO 89375 --- [games] [           main] org.hibernate.orm.connections.pooling    : HHH10001005: Database info:
	Database JDBC URL [Connecting through datasource 'HikariDataSource (HikariPool-1)']
	Database driver: undefined/unknown
	Database version: 5.5.5
	Autocommit mode: undefined/unknown
	Isolation level: undefined/unknown
	Minimum pool size: undefined/unknown
	Maximum pool size: undefined/unknown
2025-12-09T21:21:54.380+05:30  INFO 89375 --- [games] [           main] o.h.e.t.j.p.i.JtaPlatformInitiator       : HHH000489: No JTA platform available (set 'hibernate.transaction.jta.platform' to enable JTA platform integration)
Hibernate: create table game_results (id bigint not null auto_increment, brute_force_time bigint, created_at datetime(6), dp_time bigint, home_city varchar(255), min_distance integer not null, nearest_neighbor_time bigint, player_name varchar(255), selected_cities TEXT, shortest_path TEXT, primary key (id)) engine=InnoDB
2025-12-09T21:21:54.452+05:30  INFO 89375 --- [games] [           main] j.LocalContainerEntityManagerFactoryBean : Initialized JPA EntityManagerFactory for persistence unit 'default'
2025-12-09T21:21:54.666+05:30  WARN 89375 --- [games] [           main] JpaBaseConfiguration$JpaWebConfiguration : spring.jpa.open-in-view is enabled by default. Therefore, database queries may be performed during view rendering. Explicitly configure spring.jpa.open-in-view to disable this warning
2025-12-09T21:21:54.926+05:30  INFO 89375 --- [games] [           main] o.s.b.w.embedded.tomcat.TomcatWebServer  : Tomcat started on port 8080 (http) with context path '/'
2025-12-09T21:21:54.937+05:30  INFO 89375 --- [games] [           main] com.example.games.GamesApplication       : Started GamesApplication in 3.532 seconds (process running for 3.927)
2025-12-09T21:22:43.518+05:30  INFO 89375 --- [games] [nio-8080-exec-1] o.a.c.c.C.[Tomcat].[localhost].[/]       : Initializing Spring DispatcherServlet 'dispatcherServlet'
2025-12-09T21:22:43.519+05:30  INFO 89375 --- [games] [nio-8080-exec-1] o.s.web.servlet.DispatcherServlet        : Initializing Servlet 'dispatcherServlet'
2025-12-09T21:22:43.521+05:30  INFO 89375 --- [games] [nio-8080-exec-1] o.s.web.servlet.DispatcherServlet        : Completed initialization in 1 ms
Hibernate: insert into game_results (brute_force_time,created_at,dp_time,home_city,min_distance,nearest_neighbor_time,player_name,selected_cities,shortest_path) values (?,?,?,?,?,?,?,?,?)
Hibernate: insert into game_results (brute_force_time,created_at,dp_time,home_city,min_distance,nearest_neighbor_time,player_name,selected_cities,shortest_path) values (?,?,?,?,?,?,?,?,?)
Hibernate: insert into game_results (brute_force_time,created_at,dp_time,home_city,min_distance,nearest_neighbor_time,player_name,selected_cities,shortest_path) values (?,?,?,?,?,?,?,?,?)
2025-12-09T21:32:26.264+05:30  INFO 89375 --- [games] [ionShutdownHook] o.s.b.w.e.tomcat.GracefulShutdown        : Commencing graceful shutdown. Waiting for active requests to complete
2025-12-09T21:32:26.293+05:30  INFO 89375 --- [games] [tomcat-shutdown] o.s.b.w.e.tomcat.GracefulShutdown        : Graceful shutdown complete
2025-12-09T21:32:26.307+05:30  INFO 89375 --- [games] [ionShutdownHook] j.LocalContainerEntityManagerFactoryBean : Closing JPA EntityManagerFactory for persistence unit 'default'
2025-12-09T21:32:26.315+05:30  INFO 89375 --- [games] [ionShutdownHook] com.zaxxer.hikari.HikariDataSource       : HikariPool-1 - Shutdown initiated...
2025-12-09T21:32:26.342+05:30  INFO 89375 --- [games] [ionShutdownHook] com.zaxxer.hikari.HikariDataSource       : HikariPool-1 - Shutdown completed.
